# JRE version: OpenJDK Runtime Environment Temurin-17.0.18+8 (17.0.18+8) (build 17.0.18+8)
# Java VM: OpenJDK 64-Bit Server VM Temurin-17.0.18+8 (17.0.18+8, mixed mode, sharing, tiered, compressed oops, compressed class ptrs, g1 gc, windows-amd64)
GC Precious Log:
 CPUs: 8 total, 8 available
 Memory: 8029M
 Large Page Support: Disabled
 NUMA Support: Disabled
 Compressed Oops: Enabled (Zero based)
 Heap Region Size: 4M
 Heap Min Capacity: 8M
 Heap Initial Capacity: 128M
 Heap Max Capacity: 4608M
 Pre-touch: Disabled
 Parallel Workers: 8
 Concurrent Workers: 2
 Concurrent Refinement Workers: 8
 Periodic GC: Disabled
Heap:
 garbage-first heap   total 1019904K, used 373559K [0x00000006e0000000, 0x0000000800000000)
  region size 4096K, 5 young (20480K), 5 survivors (20480K)
 Metaspace       used 134095K, committed 136512K, reserved 557056K
  class space    used 18225K, committed 19328K, reserved 425984K
GC Heap History (20 events):
Event: 366.628 GC heap after
{Heap after GC invocations=121 (full 0):
 garbage-first heap   total 528384K, used 510718K [0x00000006e0000000, 0x0000000800000000)
  region size 4096K, 1 young (4096K), 1 survivors (4096K)
 Metaspace       used 129519K, committed 131456K, reserved 557056K
  class space    used 17698K, committed 18560K, reserved 425984K
}
Event: 366.652 GC heap before
{Heap before GC invocations=121 (full 0):
 garbage-first heap   total 528384K, used 514814K [0x00000006e0000000, 0x0000000800000000)
  region size 4096K, 2 young (8192K), 1 survivors (4096K)
 Metaspace       used 129519K, committed 131456K, reserved 557056K
  class space    used 17698K, committed 18560K, reserved 425984K
}
Event: 366.657 GC heap after
{Heap after GC invocations=122 (full 0):
 garbage-first heap   total 1019904K, used 516160K [0x00000006e0000000, 0x0000000800000000)
  region size 4096K, 1 young (4096K), 1 survivors (4096K)
 Metaspace       used 129519K, committed 131456K, reserved 557056K
  class space    used 17698K, committed 18560K, reserved 425984K
}
Event: 788.707 GC heap before
{Heap before GC invocations=123 (full 0):
 garbage-first heap   total 1019904K, used 839744K [0x00000006e0000000, 0x0000000800000000)
  region size 4096K, 78 young (319488K), 1 survivors (4096K)
 Metaspace       used 132129K, committed 134208K, reserved 557056K
  class space    used 18069K, committed 19072K, reserved 425984K
}
Event: 789.016 GC heap after
{Heap after GC invocations=124 (full 0):
 garbage-first heap   total 1019904K, used 519334K [0x00000006e0000000, 0x0000000800000000)
  region size 4096K, 4 young (16384K), 4 survivors (16384K)
 Metaspace       used 132129K, committed 134208K, reserved 557056K
  class space    used 18069K, committed 19072K, reserved 425984K
}
Event: 791.782 GC heap before
{Heap before GC invocations=124 (full 0):
 garbage-first heap   total 1019904K, used 552102K [0x00000006e0000000, 0x0000000800000000)
  region size 4096K, 12 young (49152K), 4 survivors (16384K)
 Metaspace       used 132342K, committed 134400K, reserved 557056K
  class space    used 18087K, committed 19072K, reserved 425984K
}
Event: 792.116 GC heap after
{Heap after GC invocations=125 (full 0):
 garbage-first heap   total 1019904K, used 515535K [0x00000006e0000000, 0x0000000800000000)
  region size 4096K, 2 young (8192K), 2 survivors (8192K)
 Metaspace       used 132342K, committed 134400K, reserved 557056K
  class space    used 18087K, committed 19072K, reserved 425984K
}
Event: 814.856 GC heap before
{Heap before GC invocations=125 (full 0):
 garbage-first heap   total 1019904K, used 835023K [0x00000006e0000000, 0x0000000800000000)
  region size 4096K, 80 young (327680K), 2 survivors (8192K)
 Metaspace       used 133113K, committed 135360K, reserved 557056K
  class space    used 18158K, committed 19200K, reserved 425984K
}
Event: 814.970 GC heap after
{Heap after GC invocations=126 (full 0):
 garbage-first heap   total 1019904K, used 567864K [0x00000006e0000000, 0x0000000800000000)
  region size 4096K, 10 young (40960K), 10 survivors (40960K)
 Metaspace       used 133113K, committed 135360K, reserved 557056K
  class space    used 18158K, committed 19200K, reserved 425984K
}
Event: 815.282 GC heap before
{Heap before GC invocations=126 (full 0):
 garbage-first heap   total 1019904K, used 580152K [0x00000006e0000000, 0x0000000800000000)
  region size 4096K, 13 young (53248K), 10 survivors (40960K)
 Metaspace       used 133113K, committed 135360K, reserved 557056K
  class space    used 18158K, committed 19200K, reserved 425984K
}
Event: 815.404 GC heap after
{Heap after GC invocations=127 (full 0):
 garbage-first heap   total 1019904K, used 575292K [0x00000006e0000000, 0x0000000800000000)
  region size 4096K, 2 young (8192K), 2 survivors (8192K)
 Metaspace       used 133113K, committed 135360K, reserved 557056K
  class space    used 18158K, committed 19200K, reserved 425984K
}
Event: 820.052 GC heap before
{Heap before GC invocations=128 (full 0):
 garbage-first heap   total 1019904K, used 673596K [0x00000006e0000000, 0x0000000800000000)
  region size 4096K, 61 young (249856K), 2 survivors (8192K)
 Metaspace       used 133293K, committed 135552K, reserved 557056K
  class space    used 18160K, committed 19200K, reserved 425984K
}
Event: 820.083 GC heap after
{Heap after GC invocations=129 (full 0):
 garbage-first heap   total 1019904K, used 449396K [0x00000006e0000000, 0x0000000800000000)
  region size 4096K, 5 young (20480K), 5 survivors (20480K)
 Metaspace       used 133293K, committed 135552K, reserved 557056K
  class space    used 18160K, committed 19200K, reserved 425984K
}
Event: 820.314 GC heap before
{Heap before GC invocations=129 (full 0):
 garbage-first heap   total 1019904K, used 473972K [0x00000006e0000000, 0x0000000800000000)
  region size 4096K, 12 young (49152K), 5 survivors (20480K)
 Metaspace       used 133295K, committed 135552K, reserved 557056K
  class space    used 18160K, committed 19200K, reserved 425984K
}
Event: 820.386 GC heap after
{Heap after GC invocations=130 (full 0):
 garbage-first heap   total 1019904K, used 384201K [0x00000006e0000000, 0x0000000800000000)
  region size 4096K, 1 young (4096K), 1 survivors (4096K)
 Metaspace       used 133295K, committed 135552K, reserved 557056K
  class space    used 18160K, committed 19200K, reserved 425984K
}
Event: 820.852 GC heap before
{Heap before GC invocations=130 (full 0):
 garbage-first heap   total 1019904K, used 425161K [0x00000006e0000000, 0x0000000800000000)
  region size 4096K, 12 young (49152K), 1 survivors (4096K)
 Metaspace       used 133323K, committed 135552K, reserved 557056K
  class space    used 18161K, committed 19200K, reserved 425984K
}
Event: 820.899 GC heap after
{Heap after GC invocations=131 (full 0):
 garbage-first heap   total 1019904K, used 363856K [0x00000006e0000000, 0x0000000800000000)
  region size 4096K, 1 young (4096K), 1 survivors (4096K)
 Metaspace       used 133323K, committed 135552K, reserved 557056K
  class space    used 18161K, committed 19200K, reserved 425984K
}
Event: 821.320 GC heap before
{Heap before GC invocations=131 (full 0):
 garbage-first heap   total 1019904K, used 404816K [0x00000006e0000000, 0x0000000800000000)
  region size 4096K, 12 young (49152K), 1 survivors (4096K)
 Metaspace       used 133357K, committed 135616K, reserved 557056K
  class space    used 18167K, committed 19200K, reserved 425984K
}
Event: 821.345 GC heap after
{Heap after GC invocations=132 (full 0):
 garbage-first heap   total 1019904K, used 357344K [0x00000006e0000000, 0x0000000800000000)
  region size 4096K, 1 young (4096K), 1 survivors (4096K)
 Metaspace       used 133357K, committed 135616K, reserved 557056K
  class space    used 18167K, committed 19200K, reserved 425984K
}
Event: 5282.983 GC heap before
{Heap before GC invocations=132 (full 0):
 garbage-first heap   total 1019904K, used 771040K [0x00000006e0000000, 0x0000000800000000)
  region size 4096K, 103 young (421888K), 1 survivors (4096K)
 Metaspace       used 134095K, committed 136512K, reserved 557056K
  class space    used 18225K, committed 19328K, reserved 425984K
}

