# JRE version: OpenJDK Runtime Environment Temurin-17.0.18+8 (17.0.18+8) (build 17.0.18+8)
# Java VM: OpenJDK 64-Bit Server VM Temurin-17.0.18+8 (17.0.18+8, mixed mode, sharing, tiered, compressed oops, compressed class ptrs, g1 gc, windows-amd64)
GC Precious Log:
 CPUs: 8 total, 8 available
 Memory: 8029M
 Large Page Support: Disabled
 NUMA Support: Disabled
 Compressed Oops: Enabled (32-bit)
 Heap Region Size: 1M
 Heap Min Capacity: 8M
 Heap Initial Capacity: 126M
 Heap Max Capacity: 2G
 Pre-touch: Disabled
 Parallel Workers: 8
 Concurrent Workers: 2
 Concurrent Refinement Workers: 8
 Periodic GC: Disabled
Heap:
 garbage-first heap   total 531456K, used 479842K [0x0000000080000000, 0x0000000100000000)
  region size 1024K, 19 young (19456K), 3 survivors (3072K)
 Metaspace       used 148359K, committed 151360K, reserved 524288K
  class space    used 19569K, committed 20736K, reserved 327680K
GC Heap History (20 events):
Event: 182.856 GC heap before
{Heap before GC invocations=146 (full 0):
 garbage-first heap   total 531456K, used 464520K [0x0000000080000000, 0x0000000100000000)
  region size 1024K, 25 young (25600K), 3 survivors (3072K)
 Metaspace       used 146650K, committed 148864K, reserved 458752K
  class space    used 19220K, committed 20224K, reserved 327680K
}
Event: 182.864 GC heap after
{Heap after GC invocations=147 (full 0):
 garbage-first heap   total 531456K, used 443739K [0x0000000080000000, 0x0000000100000000)
  region size 1024K, 4 young (4096K), 4 survivors (4096K)
 Metaspace       used 146650K, committed 148864K, reserved 458752K
  class space    used 19220K, committed 20224K, reserved 327680K
}
Event: 183.321 GC heap before
{Heap before GC invocations=147 (full 0):
 garbage-first heap   total 531456K, used 471387K [0x0000000080000000, 0x0000000100000000)
  region size 1024K, 25 young (25600K), 4 survivors (4096K)
 Metaspace       used 146912K, committed 149120K, reserved 458752K
  class space    used 19240K, committed 20224K, reserved 327680K
}
Event: 183.328 GC heap after
{Heap after GC invocations=148 (full 0):
 garbage-first heap   total 531456K, used 452714K [0x0000000080000000, 0x0000000100000000)
  region size 1024K, 4 young (4096K), 4 survivors (4096K)
 Metaspace       used 146912K, committed 149120K, reserved 458752K
  class space    used 19240K, committed 20224K, reserved 327680K
}
Event: 183.581 GC heap before
{Heap before GC invocations=148 (full 0):
 garbage-first heap   total 531456K, used 474218K [0x0000000080000000, 0x0000000100000000)
  region size 1024K, 25 young (25600K), 4 survivors (4096K)
 Metaspace       used 146955K, committed 149120K, reserved 458752K
  class space    used 19240K, committed 20224K, reserved 327680K
}
Event: 183.588 GC heap after
{Heap after GC invocations=149 (full 0):
 garbage-first heap   total 531456K, used 458853K [0x0000000080000000, 0x0000000100000000)
  region size 1024K, 4 young (4096K), 4 survivors (4096K)
 Metaspace       used 146955K, committed 149120K, reserved 458752K
  class space    used 19240K, committed 20224K, reserved 327680K
}
Event: 184.008 GC heap before
{Heap before GC invocations=149 (full 0):
 garbage-first heap   total 531456K, used 480357K [0x0000000080000000, 0x0000000100000000)
  region size 1024K, 25 young (25600K), 4 survivors (4096K)
 Metaspace       used 146971K, committed 149184K, reserved 458752K
  class space    used 19240K, committed 20224K, reserved 327680K
}
Event: 184.017 GC heap after
{Heap after GC invocations=150 (full 0):
 garbage-first heap   total 531456K, used 460779K [0x0000000080000000, 0x0000000100000000)
  region size 1024K, 4 young (4096K), 4 survivors (4096K)
 Metaspace       used 146971K, committed 149184K, reserved 458752K
  class space    used 19240K, committed 20224K, reserved 327680K
}
Event: 186.249 GC heap before
{Heap before GC invocations=150 (full 0):
 garbage-first heap   total 531456K, used 481259K [0x0000000080000000, 0x0000000100000000)
  region size 1024K, 25 young (25600K), 4 survivors (4096K)
 Metaspace       used 147016K, committed 149184K, reserved 458752K
  class space    used 19246K, committed 20224K, reserved 327680K
}
Event: 186.255 GC heap after
{Heap after GC invocations=151 (full 0):
 garbage-first heap   total 531456K, used 463200K [0x0000000080000000, 0x0000000100000000)
  region size 1024K, 3 young (3072K), 3 survivors (3072K)
 Metaspace       used 147016K, committed 149184K, reserved 458752K
  class space    used 19246K, committed 20224K, reserved 327680K
}
Event: 186.921 GC heap before
{Heap before GC invocations=151 (full 0):
 garbage-first heap   total 531456K, used 484704K [0x0000000080000000, 0x0000000100000000)
  region size 1024K, 25 young (25600K), 3 survivors (3072K)
 Metaspace       used 148655K, committed 150784K, reserved 458752K
  class space    used 19446K, committed 20416K, reserved 327680K
}
Event: 186.926 GC heap after
{Heap after GC invocations=152 (full 0):
 garbage-first heap   total 531456K, used 465553K [0x0000000080000000, 0x0000000100000000)
  region size 1024K, 3 young (3072K), 3 survivors (3072K)
 Metaspace       used 148655K, committed 150784K, reserved 458752K
  class space    used 19446K, committed 20416K, reserved 327680K
}
Event: 187.802 GC heap before
{Heap before GC invocations=152 (full 0):
 garbage-first heap   total 531456K, used 491153K [0x0000000080000000, 0x0000000100000000)
  region size 1024K, 25 young (25600K), 3 survivors (3072K)
 Metaspace       used 149990K, committed 152192K, reserved 524288K
  class space    used 19626K, committed 20608K, reserved 327680K
}
Event: 187.807 GC heap after
{Heap after GC invocations=153 (full 0):
 garbage-first heap   total 531456K, used 470985K [0x0000000080000000, 0x0000000100000000)
  region size 1024K, 4 young (4096K), 4 survivors (4096K)
 Metaspace       used 149990K, committed 152192K, reserved 524288K
  class space    used 19626K, committed 20608K, reserved 327680K
}
Event: 188.094 GC heap before
{Heap before GC invocations=153 (full 0):
 garbage-first heap   total 531456K, used 493513K [0x0000000080000000, 0x0000000100000000)
  region size 1024K, 25 young (25600K), 4 survivors (4096K)
 Metaspace       used 150282K, committed 152512K, reserved 524288K
  class space    used 19656K, committed 20672K, reserved 327680K
}
Event: 188.114 GC heap after
{Heap after GC invocations=154 (full 0):
 garbage-first heap   total 531456K, used 479027K [0x0000000080000000, 0x0000000100000000)
  region size 1024K, 4 young (4096K), 4 survivors (4096K)
 Metaspace       used 150282K, committed 152512K, reserved 524288K
  class space    used 19656K, committed 20672K, reserved 327680K
}
Event: 188.330 GC heap before
{Heap before GC invocations=154 (full 0):
 garbage-first heap   total 531456K, used 500531K [0x0000000080000000, 0x0000000100000000)
  region size 1024K, 25 young (25600K), 4 survivors (4096K)
 Metaspace       used 150326K, committed 152512K, reserved 524288K
  class space    used 19656K, committed 20672K, reserved 327680K
}
Event: 188.355 GC heap after
{Heap after GC invocations=155 (full 0):
 garbage-first heap   total 531456K, used 484277K [0x0000000080000000, 0x0000000100000000)
  region size 1024K, 4 young (4096K), 4 survivors (4096K)
 Metaspace       used 150326K, committed 152512K, reserved 524288K
  class space    used 19656K, committed 20672K, reserved 327680K
}
Event: 190.586 GC heap before
{Heap before GC invocations=155 (full 0):
 garbage-first heap   total 531456K, used 505781K [0x0000000080000000, 0x0000000100000000)
  region size 1024K, 25 young (25600K), 4 survivors (4096K)
 Metaspace       used 150537K, committed 152768K, reserved 524288K
  class space    used 19689K, committed 20672K, reserved 327680K
}
Event: 190.671 GC heap after
{Heap after GC invocations=156 (full 0):
 garbage-first heap   total 531456K, used 484962K [0x0000000080000000, 0x0000000100000000)
  region size 1024K, 3 young (3072K), 3 survivors (3072K)
 Metaspace       used 150537K, committed 152768K, reserved 524288K
  class space    used 19689K, committed 20672K, reserved 327680K
}

